[INFO] [2019-03-12 14:29:07][org.springframework.web.context.ContextLoader]Root WebApplicationContext: initialization started
[INFO] [2019-03-12 14:29:07][org.springframework.web.context.support.XmlWebApplicationContext]Refreshing Root WebApplicationContext: startup date [Tue Mar 12 14:29:07 CST 2019]; root of context hierarchy
[INFO] [2019-03-12 14:29:07][org.springframework.beans.factory.xml.XmlBeanDefinitionReader]Loading XML bean definitions from file [E:\takoo\manong\manong_manager\manong_manager_web\target\classes\spring\applicationContext-dao.xml]
[INFO] [2019-03-12 14:29:07][org.springframework.beans.factory.xml.XmlBeanDefinitionReader]Loading XML bean definitions from file [E:\takoo\manong\manong_manager\manong_manager_web\target\classes\spring\applicationContext-service.xml]
[INFO] [2019-03-12 14:29:08][org.springframework.beans.factory.xml.XmlBeanDefinitionReader]Loading XML bean definitions from file [E:\takoo\manong\manong_manager\manong_manager_web\target\classes\spring\applicationContext-trans.xml]
[INFO] [2019-03-12 14:29:08][org.springframework.beans.factory.annotation.AutowiredAnnotationBeanPostProcessor]JSR-330 'javax.inject.Inject' annotation found and supported for autowiring
[INFO] [2019-03-12 14:29:09][com.alibaba.druid.pool.DruidDataSource]{dataSource-1} inited
[INFO] [2019-03-12 14:29:10][org.springframework.web.context.ContextLoader]Root WebApplicationContext: initialization completed in 3236 ms
[INFO] [2019-03-12 14:29:10][org.springframework.web.servlet.DispatcherServlet]FrameworkServlet 'manong-manager': initialization started
[INFO] [2019-03-12 14:29:10][org.springframework.web.context.support.XmlWebApplicationContext]Refreshing WebApplicationContext for namespace 'manong-manager-servlet': startup date [Tue Mar 12 14:29:10 CST 2019]; parent: Root WebApplicationContext
[INFO] [2019-03-12 14:29:10][org.springframework.beans.factory.xml.XmlBeanDefinitionReader]Loading XML bean definitions from class path resource [spring/springmvc.xml]
[INFO] [2019-03-12 14:29:11][org.springframework.beans.factory.annotation.AutowiredAnnotationBeanPostProcessor]JSR-330 'javax.inject.Inject' annotation found and supported for autowiring
[INFO] [2019-03-12 14:29:11][org.springframework.web.servlet.handler.SimpleUrlHandlerMapping]Mapped URL path [/css/**] onto handler 'org.springframework.web.servlet.resource.ResourceHttpRequestHandler#0'
[INFO] [2019-03-12 14:29:11][org.springframework.web.servlet.handler.SimpleUrlHandlerMapping]Mapped URL path [/js/**] onto handler 'org.springframework.web.servlet.resource.ResourceHttpRequestHandler#1'
[INFO] [2019-03-12 14:29:11][org.springframework.web.servlet.mvc.method.annotation.RequestMappingHandlerMapping]Mapped "{[/{page}]}" onto public java.lang.String com.manong.controller.PageController.showPage(java.lang.String)
[INFO] [2019-03-12 14:29:11][org.springframework.web.servlet.mvc.method.annotation.RequestMappingHandlerMapping]Mapped "{[/]}" onto public java.lang.String com.manong.controller.PageController.requestIndex()
[INFO] [2019-03-12 14:29:11][org.springframework.web.servlet.mvc.method.annotation.RequestMappingHandlerMapping]Mapped "{[/product_category/list]}" onto public java.util.List<pojo.EasyUITree> com.manong.controller.ProductCategoryController.getProductCategoryByParentId(java.lang.Short)
[INFO] [2019-03-12 14:29:11][org.springframework.web.servlet.mvc.method.annotation.RequestMappingHandlerMapping]Mapped "{[/product_list]}" onto public java.lang.String com.manong.controller.ProductController.listProduct()
[INFO] [2019-03-12 14:29:11][org.springframework.web.servlet.mvc.method.annotation.RequestMappingHandlerMapping]Mapped "{[/user/{userid}]}" onto public com.manong.pojo.TbUser com.manong.controller.UserController.showUserInfo(java.lang.Integer)
[INFO] [2019-03-12 14:29:12][org.springframework.web.servlet.mvc.method.annotation.RequestMappingHandlerAdapter]Looking for @ControllerAdvice: WebApplicationContext for namespace 'manong-manager-servlet': startup date [Tue Mar 12 14:29:10 CST 2019]; parent: Root WebApplicationContext
[INFO] [2019-03-12 14:29:12][org.springframework.web.servlet.mvc.method.annotation.RequestMappingHandlerAdapter]Looking for @ControllerAdvice: WebApplicationContext for namespace 'manong-manager-servlet': startup date [Tue Mar 12 14:29:10 CST 2019]; parent: Root WebApplicationContext
[INFO] [2019-03-12 14:29:12][org.springframework.web.servlet.DispatcherServlet]FrameworkServlet 'manong-manager': initialization completed in 2136 ms
[INFO] [2019-03-12 14:29:31][com.manong.controller.ProductCategoryController]list值[pojo.EasyUITree@68bf7f78]
[INFO] [2019-03-12 14:29:32][com.manong.controller.ProductCategoryController]list值[pojo.EasyUITree@6b719b0c]
[INFO] [2019-03-12 14:50:24][org.springframework.web.servlet.DispatcherServlet]FrameworkServlet 'manong-manager': initialization started
[INFO] [2019-03-12 14:50:24][org.springframework.web.context.support.XmlWebApplicationContext]Refreshing WebApplicationContext for namespace 'manong-manager-servlet': startup date [Tue Mar 12 14:50:24 CST 2019]; parent: Root WebApplicationContext
[INFO] [2019-03-12 14:50:24][org.springframework.beans.factory.xml.XmlBeanDefinitionReader]Loading XML bean definitions from class path resource [spring/springmvc.xml]
[INFO] [2019-03-12 14:50:24][org.springframework.beans.factory.annotation.AutowiredAnnotationBeanPostProcessor]JSR-330 'javax.inject.Inject' annotation found and supported for autowiring
[INFO] [2019-03-12 14:50:25][org.springframework.web.servlet.handler.SimpleUrlHandlerMapping]Mapped URL path [/css/**] onto handler 'org.springframework.web.servlet.resource.ResourceHttpRequestHandler#0'
[INFO] [2019-03-12 14:50:25][org.springframework.web.servlet.handler.SimpleUrlHandlerMapping]Mapped URL path [/js/**] onto handler 'org.springframework.web.servlet.resource.ResourceHttpRequestHandler#1'
[INFO] [2019-03-12 14:50:25][org.springframework.web.servlet.mvc.method.annotation.RequestMappingHandlerMapping]Mapped "{[/{page}]}" onto public java.lang.String com.manong.controller.PageController.showPage(java.lang.String)
[INFO] [2019-03-12 14:50:25][org.springframework.web.servlet.mvc.method.annotation.RequestMappingHandlerMapping]Mapped "{[/]}" onto public java.lang.String com.manong.controller.PageController.requestIndex()
[INFO] [2019-03-12 14:50:25][org.springframework.web.servlet.mvc.method.annotation.RequestMappingHandlerMapping]Mapped "{[/product_category/list]}" onto public java.util.List<pojo.EasyUITree> com.manong.controller.ProductCategoryController.getProductCategoryByParentId(java.lang.Short)
[INFO] [2019-03-12 14:50:25][org.springframework.web.servlet.mvc.method.annotation.RequestMappingHandlerMapping]Mapped "{[/product_list]}" onto public java.lang.String com.manong.controller.ProductController.listProduct()
[INFO] [2019-03-12 14:50:25][org.springframework.web.servlet.mvc.method.annotation.RequestMappingHandlerMapping]Mapped "{[/user/{userid}]}" onto public com.manong.pojo.TbUser com.manong.controller.UserController.showUserInfo(java.lang.Integer)
[INFO] [2019-03-12 14:50:26][org.springframework.web.servlet.mvc.method.annotation.RequestMappingHandlerAdapter]Looking for @ControllerAdvice: WebApplicationContext for namespace 'manong-manager-servlet': startup date [Tue Mar 12 14:50:24 CST 2019]; parent: Root WebApplicationContext
[INFO] [2019-03-12 14:50:26][org.springframework.web.servlet.mvc.method.annotation.RequestMappingHandlerAdapter]Looking for @ControllerAdvice: WebApplicationContext for namespace 'manong-manager-servlet': startup date [Tue Mar 12 14:50:24 CST 2019]; parent: Root WebApplicationContext
[INFO] [2019-03-12 14:50:26][org.springframework.web.servlet.DispatcherServlet]FrameworkServlet 'manong-manager': initialization completed in 2129 ms
[INFO] [2019-03-12 14:50:43][com.manong.controller.ProductCategoryController]list值[pojo.EasyUITree@c27ba2d]
[INFO] [2019-03-12 14:50:43][com.manong.controller.ProductCategoryController]list值[pojo.EasyUITree@4c3935a3]
[INFO] [2019-03-12 14:50:50][com.manong.controller.ProductCategoryController]list值[pojo.EasyUITree@24b8ac20]
[INFO] [2019-03-12 14:56:48][org.springframework.web.servlet.DispatcherServlet]FrameworkServlet 'manong-manager': initialization started
[INFO] [2019-03-12 14:56:48][org.springframework.web.context.support.XmlWebApplicationContext]Refreshing WebApplicationContext for namespace 'manong-manager-servlet': startup date [Tue Mar 12 14:56:48 CST 2019]; parent: Root WebApplicationContext
[INFO] [2019-03-12 14:56:48][org.springframework.beans.factory.xml.XmlBeanDefinitionReader]Loading XML bean definitions from class path resource [spring/springmvc.xml]
[INFO] [2019-03-12 14:56:49][org.springframework.beans.factory.annotation.AutowiredAnnotationBeanPostProcessor]JSR-330 'javax.inject.Inject' annotation found and supported for autowiring
[INFO] [2019-03-12 14:56:49][org.springframework.web.servlet.handler.SimpleUrlHandlerMapping]Mapped URL path [/css/**] onto handler 'org.springframework.web.servlet.resource.ResourceHttpRequestHandler#0'
[INFO] [2019-03-12 14:56:49][org.springframework.web.servlet.handler.SimpleUrlHandlerMapping]Mapped URL path [/js/**] onto handler 'org.springframework.web.servlet.resource.ResourceHttpRequestHandler#1'
[INFO] [2019-03-12 14:56:49][org.springframework.web.servlet.mvc.method.annotation.RequestMappingHandlerMapping]Mapped "{[/{page}]}" onto public java.lang.String com.manong.controller.PageController.showPage(java.lang.String)
[INFO] [2019-03-12 14:56:49][org.springframework.web.servlet.mvc.method.annotation.RequestMappingHandlerMapping]Mapped "{[/]}" onto public java.lang.String com.manong.controller.PageController.requestIndex()
[INFO] [2019-03-12 14:56:49][org.springframework.web.servlet.mvc.method.annotation.RequestMappingHandlerMapping]Mapped "{[/product_category/list]}" onto public java.util.List<pojo.EasyUITree> com.manong.controller.ProductCategoryController.getProductCategoryByParentId(java.lang.Short)
[INFO] [2019-03-12 14:56:49][org.springframework.web.servlet.mvc.method.annotation.RequestMappingHandlerMapping]Mapped "{[/product_list]}" onto public java.lang.String com.manong.controller.ProductController.listProduct()
[INFO] [2019-03-12 14:56:49][org.springframework.web.servlet.mvc.method.annotation.RequestMappingHandlerMapping]Mapped "{[/user/{userid}]}" onto public com.manong.pojo.TbUser com.manong.controller.UserController.showUserInfo(java.lang.Integer)
[INFO] [2019-03-12 14:56:50][org.springframework.web.servlet.mvc.method.annotation.RequestMappingHandlerAdapter]Looking for @ControllerAdvice: WebApplicationContext for namespace 'manong-manager-servlet': startup date [Tue Mar 12 14:56:48 CST 2019]; parent: Root WebApplicationContext
[INFO] [2019-03-12 14:56:50][org.springframework.web.servlet.mvc.method.annotation.RequestMappingHandlerAdapter]Looking for @ControllerAdvice: WebApplicationContext for namespace 'manong-manager-servlet': startup date [Tue Mar 12 14:56:48 CST 2019]; parent: Root WebApplicationContext
[INFO] [2019-03-12 14:56:51][org.springframework.web.servlet.DispatcherServlet]FrameworkServlet 'manong-manager': initialization completed in 2438 ms
[INFO] [2019-03-12 14:57:22][com.manong.controller.ProductCategoryController]list值pojo.EasyUITree@5f592fc3
[INFO] [2019-03-12 14:57:22][com.manong.controller.ProductCategoryController]list值pojo.EasyUITree@7d77f38
[INFO] [2019-03-12 15:03:38][org.springframework.web.servlet.DispatcherServlet]FrameworkServlet 'manong-manager': initialization started
[INFO] [2019-03-12 15:03:38][org.springframework.web.context.support.XmlWebApplicationContext]Refreshing WebApplicationContext for namespace 'manong-manager-servlet': startup date [Tue Mar 12 15:03:38 CST 2019]; parent: Root WebApplicationContext
[INFO] [2019-03-12 15:03:38][org.springframework.beans.factory.xml.XmlBeanDefinitionReader]Loading XML bean definitions from class path resource [spring/springmvc.xml]
[INFO] [2019-03-12 15:03:38][org.springframework.beans.factory.annotation.AutowiredAnnotationBeanPostProcessor]JSR-330 'javax.inject.Inject' annotation found and supported for autowiring
[INFO] [2019-03-12 15:03:38][org.springframework.web.servlet.handler.SimpleUrlHandlerMapping]Mapped URL path [/css/**] onto handler 'org.springframework.web.servlet.resource.ResourceHttpRequestHandler#0'
[INFO] [2019-03-12 15:03:38][org.springframework.web.servlet.handler.SimpleUrlHandlerMapping]Mapped URL path [/js/**] onto handler 'org.springframework.web.servlet.resource.ResourceHttpRequestHandler#1'
[INFO] [2019-03-12 15:03:38][org.springframework.web.servlet.mvc.method.annotation.RequestMappingHandlerMapping]Mapped "{[/{page}]}" onto public java.lang.String com.manong.controller.PageController.showPage(java.lang.String)
[INFO] [2019-03-12 15:03:38][org.springframework.web.servlet.mvc.method.annotation.RequestMappingHandlerMapping]Mapped "{[/]}" onto public java.lang.String com.manong.controller.PageController.requestIndex()
[INFO] [2019-03-12 15:03:38][org.springframework.web.servlet.mvc.method.annotation.RequestMappingHandlerMapping]Mapped "{[/product_category/list]}" onto public java.util.List<pojo.EasyUITree> com.manong.controller.ProductCategoryController.getProductCategoryByParentId(java.lang.Short)
[INFO] [2019-03-12 15:03:38][org.springframework.web.servlet.mvc.method.annotation.RequestMappingHandlerMapping]Mapped "{[/product_list]}" onto public java.lang.String com.manong.controller.ProductController.listProduct()
[INFO] [2019-03-12 15:03:38][org.springframework.web.servlet.mvc.method.annotation.RequestMappingHandlerMapping]Mapped "{[/user/{userid}]}" onto public com.manong.pojo.TbUser com.manong.controller.UserController.showUserInfo(java.lang.Integer)
[INFO] [2019-03-12 15:03:39][org.springframework.web.servlet.mvc.method.annotation.RequestMappingHandlerAdapter]Looking for @ControllerAdvice: WebApplicationContext for namespace 'manong-manager-servlet': startup date [Tue Mar 12 15:03:38 CST 2019]; parent: Root WebApplicationContext
[INFO] [2019-03-12 15:03:39][org.springframework.web.servlet.mvc.method.annotation.RequestMappingHandlerAdapter]Looking for @ControllerAdvice: WebApplicationContext for namespace 'manong-manager-servlet': startup date [Tue Mar 12 15:03:38 CST 2019]; parent: Root WebApplicationContext
[INFO] [2019-03-12 15:03:40][org.springframework.web.servlet.DispatcherServlet]FrameworkServlet 'manong-manager': initialization completed in 2100 ms
[INFO] [2019-03-12 15:03:56][com.manong.controller.ProductCategoryController]list值EasyUITree{id=1, text='书籍', state='closed'}
[INFO] [2019-03-12 15:03:56][com.manong.controller.ProductCategoryController]list值EasyUITree{id=1, text='书籍', state='closed'}
[INFO] [2019-03-12 15:04:16][com.manong.controller.ProductCategoryController]list值EasyUITree{id=2, text='java入门到放弃', state='open'}
[INFO] [2019-03-12 15:15:55][com.manong.controller.ProductCategoryController]list值EasyUITree{id=1, text='书籍', state='closed'}
[INFO] [2019-03-12 15:15:55][com.manong.controller.ProductCategoryController]list值EasyUITree{id=1, text='书籍', state='closed'}
[INFO] [2019-03-12 15:17:53][com.manong.controller.ProductCategoryController]list值EasyUITree{id=1, text='书籍', state='closed'}
[INFO] [2019-03-12 15:17:53][com.manong.controller.ProductCategoryController]list值EasyUITree{id=1, text='书籍', state='closed'}
[INFO] [2019-03-12 15:17:56][com.manong.controller.ProductCategoryController]list值EasyUITree{id=2, text='java入门到放弃', state='open'}
[INFO] [2019-03-12 15:21:37][com.manong.controller.ProductCategoryController]list值EasyUITree{id=1, text='书籍', state='closed'}
[INFO] [2019-03-12 15:21:37][com.manong.controller.ProductCategoryController]list值EasyUITree{id=1, text='书籍', state='closed'}
[INFO] [2019-03-12 15:21:39][com.manong.controller.ProductCategoryController]list值EasyUITree{id=2, text='java入门到放弃', state='open'}
[INFO] [2019-03-12 15:22:26][com.manong.controller.ProductCategoryController]list值EasyUITree{id=1, text='书籍', state='closed'}
[INFO] [2019-03-12 15:22:26][com.manong.controller.ProductCategoryController]list值EasyUITree{id=1, text='书籍', state='closed'}
[INFO] [2019-03-12 15:22:33][com.manong.controller.ProductCategoryController]list值EasyUITree{id=2, text='java入门到放弃', state='open'}
[INFO] [2019-03-12 15:37:50][com.manong.controller.ProductCategoryController]list值EasyUITree{id=1, text='书籍', state='closed'}
[INFO] [2019-03-12 15:37:50][com.manong.controller.ProductCategoryController]list值EasyUITree{id=1, text='书籍', state='closed'}
[INFO] [2019-03-12 15:37:51][com.manong.controller.ProductCategoryController]list值EasyUITree{id=2, text='java入门到放弃', state='open'}
[INFO] [2019-03-12 15:40:01][com.manong.controller.ProductCategoryController]list值EasyUITree{id=1, text='书籍', state='closed'}
[INFO] [2019-03-12 15:40:01][com.manong.controller.ProductCategoryController]list值EasyUITree{id=1, text='书籍', state='closed'}
[INFO] [2019-03-12 15:40:04][com.manong.controller.ProductCategoryController]list值EasyUITree{id=2, text='java入门到放弃', state='open'}
[INFO] [2019-03-12 15:40:51][com.manong.controller.ProductCategoryController]list值EasyUITree{id=1, text='书籍', state='closed'}
[INFO] [2019-03-12 15:40:51][com.manong.controller.ProductCategoryController]list值EasyUITree{id=1, text='书籍', state='closed'}
[INFO] [2019-03-12 15:41:28][com.manong.controller.ProductCategoryController]list值EasyUITree{id=1, text='书籍', state='closed'}
[INFO] [2019-03-12 15:41:28][com.manong.controller.ProductCategoryController]list值EasyUITree{id=1, text='书籍', state='closed'}
[INFO] [2019-03-12 15:41:29][com.manong.controller.ProductCategoryController]list值EasyUITree{id=2, text='java入门到放弃', state='open'}
[INFO] [2019-03-12 15:49:05][com.manong.controller.ProductCategoryController]list值EasyUITree{id=1, text='书籍', state='closed'}
[INFO] [2019-03-12 15:49:05][com.manong.controller.ProductCategoryController]list值EasyUITree{id=1, text='书籍', state='closed'}
[INFO] [2019-03-12 15:49:06][com.manong.controller.ProductCategoryController]list值EasyUITree{id=2, text='java入门到放弃', state='open'}
[INFO] [2019-03-12 15:50:40][com.manong.controller.ProductCategoryController]list值EasyUITree{id=1, text='书籍', state='closed'}
[INFO] [2019-03-12 15:50:40][com.manong.controller.ProductCategoryController]list值EasyUITree{id=1, text='书籍', state='closed'}
[INFO] [2019-03-12 15:50:42][com.manong.controller.ProductCategoryController]list值EasyUITree{id=2, text='java入门到放弃', state='open'}
[INFO] [2019-03-12 16:12:55][com.manong.controller.ProductCategoryController]list值EasyUITree{id=1, text='书籍', state='closed'}
[INFO] [2019-03-12 16:12:55][com.manong.controller.ProductCategoryController]list值EasyUITree{id=1, text='书籍', state='closed'}
[INFO] [2019-03-12 16:12:56][com.manong.controller.ProductCategoryController]list值EasyUITree{id=2, text='java入门到放弃', state='open'}
[INFO] [2019-03-12 16:13:14][com.manong.controller.ProductCategoryController]list值EasyUITree{id=1, text='书籍', state='closed'}
[INFO] [2019-03-12 16:13:14][com.manong.controller.ProductCategoryController]list值EasyUITree{id=1, text='书籍', state='closed'}
[INFO] [2019-03-12 16:13:15][com.manong.controller.ProductCategoryController]list值EasyUITree{id=2, text='java入门到放弃', state='open'}
[INFO] [2019-03-12 16:22:30][com.manong.controller.ProductCategoryController]list值EasyUITree{id=1, text='书籍', state='closed'}
[INFO] [2019-03-12 16:22:30][com.manong.controller.ProductCategoryController]list值EasyUITree{id=1, text='书籍', state='closed'}
[INFO] [2019-03-12 16:22:31][com.manong.controller.ProductCategoryController]list值EasyUITree{id=2, text='java入门到放弃', state='open'}
[INFO] [2019-03-12 16:23:13][com.manong.controller.ProductCategoryController]list值EasyUITree{id=1, text='书籍', state='closed'}
[INFO] [2019-03-12 16:23:13][com.manong.controller.ProductCategoryController]list值EasyUITree{id=1, text='书籍', state='closed'}
[INFO] [2019-03-12 16:23:14][com.manong.controller.ProductCategoryController]list值EasyUITree{id=2, text='java入门到放弃', state='open'}
[INFO] [2019-03-13 10:08:42][org.springframework.web.servlet.DispatcherServlet]FrameworkServlet 'manong-manager': initialization started
[INFO] [2019-03-13 10:08:42][org.springframework.web.context.support.XmlWebApplicationContext]Refreshing WebApplicationContext for namespace 'manong-manager-servlet': startup date [Wed Mar 13 10:08:42 CST 2019]; parent: Root WebApplicationContext
[INFO] [2019-03-13 10:08:42][org.springframework.beans.factory.xml.XmlBeanDefinitionReader]Loading XML bean definitions from class path resource [spring/springmvc.xml]
[INFO] [2019-03-13 10:08:43][org.springframework.beans.factory.annotation.AutowiredAnnotationBeanPostProcessor]JSR-330 'javax.inject.Inject' annotation found and supported for autowiring
[INFO] [2019-03-13 10:08:44][org.springframework.web.servlet.handler.SimpleUrlHandlerMapping]Mapped URL path [/css/**] onto handler 'org.springframework.web.servlet.resource.ResourceHttpRequestHandler#0'
[INFO] [2019-03-13 10:08:44][org.springframework.web.servlet.handler.SimpleUrlHandlerMapping]Mapped URL path [/js/**] onto handler 'org.springframework.web.servlet.resource.ResourceHttpRequestHandler#1'
[INFO] [2019-03-13 10:08:45][org.springframework.web.servlet.mvc.method.annotation.RequestMappingHandlerMapping]Mapped "{[/{page}]}" onto public java.lang.String com.manong.controller.PageController.showPage(java.lang.String)
[INFO] [2019-03-13 10:08:45][org.springframework.web.servlet.mvc.method.annotation.RequestMappingHandlerMapping]Mapped "{[/]}" onto public java.lang.String com.manong.controller.PageController.requestIndex()
[INFO] [2019-03-13 10:08:45][org.springframework.web.servlet.mvc.method.annotation.RequestMappingHandlerMapping]Mapped "{[/product_category/add]}" onto public pojo.ResponseJsonResult com.manong.controller.ProductCategoryController.addCategory(java.lang.Short,java.lang.String)
[INFO] [2019-03-13 10:08:45][org.springframework.web.servlet.mvc.method.annotation.RequestMappingHandlerMapping]Mapped "{[/product_category/list]}" onto public java.util.List<pojo.EasyUITree> com.manong.controller.ProductCategoryController.getProductCategoryByParentId(java.lang.Short)
[INFO] [2019-03-13 10:08:45][org.springframework.web.servlet.mvc.method.annotation.RequestMappingHandlerMapping]Mapped "{[/product_list]}" onto public java.lang.String com.manong.controller.ProductController.listProduct()
[INFO] [2019-03-13 10:08:45][org.springframework.web.servlet.mvc.method.annotation.RequestMappingHandlerMapping]Mapped "{[/user/{userid}]}" onto public com.manong.pojo.TbUser com.manong.controller.UserController.showUserInfo(java.lang.Integer)
[INFO] [2019-03-13 10:08:48][org.springframework.web.servlet.mvc.method.annotation.RequestMappingHandlerAdapter]Looking for @ControllerAdvice: WebApplicationContext for namespace 'manong-manager-servlet': startup date [Wed Mar 13 10:08:42 CST 2019]; parent: Root WebApplicationContext
[INFO] [2019-03-13 10:08:48][org.springframework.web.servlet.mvc.method.annotation.RequestMappingHandlerAdapter]Looking for @ControllerAdvice: WebApplicationContext for namespace 'manong-manager-servlet': startup date [Wed Mar 13 10:08:42 CST 2019]; parent: Root WebApplicationContext
[INFO] [2019-03-13 10:08:49][org.springframework.web.servlet.DispatcherServlet]FrameworkServlet 'manong-manager': initialization completed in 7033 ms
[INFO] [2019-03-13 10:09:13][com.manong.controller.ProductCategoryController]list值EasyUITree{id=1, text='书籍', state='closed'}
[INFO] [2019-03-13 10:09:13][com.manong.controller.ProductCategoryController]list值EasyUITree{id=1, text='书籍', state='closed'}
[INFO] [2019-03-13 10:09:17][com.manong.controller.ProductCategoryController]list值EasyUITree{id=2, text='java入门到放弃', state='open'}
[INFO] [2019-03-13 10:09:39][org.springframework.beans.factory.xml.XmlBeanDefinitionReader]Loading XML bean definitions from class path resource [org/springframework/jdbc/support/sql-error-codes.xml]
[INFO] [2019-03-13 10:09:40][org.springframework.jdbc.support.SQLErrorCodesFactory]SQLErrorCodes loaded: [DB2, Derby, H2, HSQL, Informix, MS-SQL, MySQL, Oracle, PostgreSQL, Sybase, Hana]
[INFO] [2019-03-13 10:12:12][com.manong.controller.ProductCategoryController]list值EasyUITree{id=1, text='书籍', state='closed'}
[INFO] [2019-03-13 10:12:12][com.manong.controller.ProductCategoryController]list值EasyUITree{id=1, text='书籍', state='closed'}
[INFO] [2019-03-13 10:12:13][com.manong.controller.ProductCategoryController]list值EasyUITree{id=2, text='java入门到放弃', state='open'}
[INFO] [2019-03-13 10:35:33][org.springframework.web.servlet.DispatcherServlet]FrameworkServlet 'manong-manager': initialization started
[INFO] [2019-03-13 10:35:33][org.springframework.web.context.support.XmlWebApplicationContext]Refreshing WebApplicationContext for namespace 'manong-manager-servlet': startup date [Wed Mar 13 10:35:33 CST 2019]; parent: Root WebApplicationContext
[INFO] [2019-03-13 10:35:33][org.springframework.beans.factory.xml.XmlBeanDefinitionReader]Loading XML bean definitions from class path resource [spring/springmvc.xml]
[INFO] [2019-03-13 10:35:34][org.springframework.beans.factory.annotation.AutowiredAnnotationBeanPostProcessor]JSR-330 'javax.inject.Inject' annotation found and supported for autowiring
[INFO] [2019-03-13 10:35:37][org.springframework.web.servlet.handler.SimpleUrlHandlerMapping]Mapped URL path [/css/**] onto handler 'org.springframework.web.servlet.resource.ResourceHttpRequestHandler#0'
[INFO] [2019-03-13 10:35:37][org.springframework.web.servlet.handler.SimpleUrlHandlerMapping]Mapped URL path [/js/**] onto handler 'org.springframework.web.servlet.resource.ResourceHttpRequestHandler#1'
[INFO] [2019-03-13 10:35:37][org.springframework.web.servlet.mvc.method.annotation.RequestMappingHandlerMapping]Mapped "{[/]}" onto public java.lang.String com.manong.controller.PageController.requestIndex()
[INFO] [2019-03-13 10:35:37][org.springframework.web.servlet.mvc.method.annotation.RequestMappingHandlerMapping]Mapped "{[/{page}]}" onto public java.lang.String com.manong.controller.PageController.showPage(java.lang.String)
[INFO] [2019-03-13 10:35:37][org.springframework.web.servlet.mvc.method.annotation.RequestMappingHandlerMapping]Mapped "{[/product_category/add]}" onto public pojo.ResponseJsonResult com.manong.controller.ProductCategoryController.addCategory(java.lang.Short,java.lang.String)
[INFO] [2019-03-13 10:35:37][org.springframework.web.servlet.mvc.method.annotation.RequestMappingHandlerMapping]Mapped "{[/product_category/list]}" onto public java.util.List<pojo.EasyUITree> com.manong.controller.ProductCategoryController.getProductCategoryByParentId(java.lang.Short)
[INFO] [2019-03-13 10:35:37][org.springframework.web.servlet.mvc.method.annotation.RequestMappingHandlerMapping]Mapped "{[/product_list]}" onto public java.lang.String com.manong.controller.ProductController.listProduct()
[INFO] [2019-03-13 10:35:38][org.springframework.web.servlet.mvc.method.annotation.RequestMappingHandlerMapping]Mapped "{[/user/{userid}]}" onto public com.manong.pojo.TbUser com.manong.controller.UserController.showUserInfo(java.lang.Integer)
[INFO] [2019-03-13 10:35:40][org.springframework.web.servlet.mvc.method.annotation.RequestMappingHandlerAdapter]Looking for @ControllerAdvice: WebApplicationContext for namespace 'manong-manager-servlet': startup date [Wed Mar 13 10:35:33 CST 2019]; parent: Root WebApplicationContext
[INFO] [2019-03-13 10:35:43][org.springframework.web.servlet.mvc.method.annotation.RequestMappingHandlerAdapter]Looking for @ControllerAdvice: WebApplicationContext for namespace 'manong-manager-servlet': startup date [Wed Mar 13 10:35:33 CST 2019]; parent: Root WebApplicationContext
[INFO] [2019-03-13 10:35:44][org.springframework.web.servlet.DispatcherServlet]FrameworkServlet 'manong-manager': initialization completed in 10819 ms
[INFO] [2019-03-13 10:36:38][com.manong.controller.ProductCategoryController]list值EasyUITree{id=1, text='书籍', state='closed'}
[INFO] [2019-03-13 10:36:38][com.manong.controller.ProductCategoryController]list值EasyUITree{id=1, text='书籍', state='closed'}
[INFO] [2019-03-13 10:37:43][com.manong.controller.ProductCategoryController]list值EasyUITree{id=2, text='java入门到放弃', state='open'}
[INFO] [2019-03-13 10:41:42][org.springframework.web.servlet.DispatcherServlet]FrameworkServlet 'manong-manager': initialization started
[INFO] [2019-03-13 10:41:42][org.springframework.web.context.support.XmlWebApplicationContext]Refreshing WebApplicationContext for namespace 'manong-manager-servlet': startup date [Wed Mar 13 10:41:42 CST 2019]; parent: Root WebApplicationContext
[INFO] [2019-03-13 10:41:42][org.springframework.beans.factory.xml.XmlBeanDefinitionReader]Loading XML bean definitions from class path resource [spring/springmvc.xml]
[INFO] [2019-03-13 10:41:43][org.springframework.beans.factory.annotation.AutowiredAnnotationBeanPostProcessor]JSR-330 'javax.inject.Inject' annotation found and supported for autowiring
[INFO] [2019-03-13 10:41:45][org.springframework.web.servlet.handler.SimpleUrlHandlerMapping]Mapped URL path [/css/**] onto handler 'org.springframework.web.servlet.resource.ResourceHttpRequestHandler#0'
[INFO] [2019-03-13 10:41:45][org.springframework.web.servlet.handler.SimpleUrlHandlerMapping]Mapped URL path [/js/**] onto handler 'org.springframework.web.servlet.resource.ResourceHttpRequestHandler#1'
[INFO] [2019-03-13 10:41:45][org.springframework.web.servlet.mvc.method.annotation.RequestMappingHandlerMapping]Mapped "{[/{page}]}" onto public java.lang.String com.manong.controller.PageController.showPage(java.lang.String)
[INFO] [2019-03-13 10:41:45][org.springframework.web.servlet.mvc.method.annotation.RequestMappingHandlerMapping]Mapped "{[/]}" onto public java.lang.String com.manong.controller.PageController.requestIndex()
[INFO] [2019-03-13 10:41:45][org.springframework.web.servlet.mvc.method.annotation.RequestMappingHandlerMapping]Mapped "{[/product_category/list]}" onto public java.util.List<pojo.EasyUITree> com.manong.controller.ProductCategoryController.getProductCategoryByParentId(java.lang.Short)
[INFO] [2019-03-13 10:41:45][org.springframework.web.servlet.mvc.method.annotation.RequestMappingHandlerMapping]Mapped "{[/product_category/add]}" onto public pojo.ResponseJsonResult com.manong.controller.ProductCategoryController.addCategory(java.lang.Short,java.lang.String)
[INFO] [2019-03-13 10:41:45][org.springframework.web.servlet.mvc.method.annotation.RequestMappingHandlerMapping]Mapped "{[/product_list]}" onto public java.lang.String com.manong.controller.ProductController.listProduct()
[INFO] [2019-03-13 10:41:45][org.springframework.web.servlet.mvc.method.annotation.RequestMappingHandlerMapping]Mapped "{[/user/{userid}]}" onto public com.manong.pojo.TbUser com.manong.controller.UserController.showUserInfo(java.lang.Integer)
[INFO] [2019-03-13 10:41:48][org.springframework.web.servlet.mvc.method.annotation.RequestMappingHandlerAdapter]Looking for @ControllerAdvice: WebApplicationContext for namespace 'manong-manager-servlet': startup date [Wed Mar 13 10:41:42 CST 2019]; parent: Root WebApplicationContext
[INFO] [2019-03-13 10:41:49][org.springframework.web.servlet.mvc.method.annotation.RequestMappingHandlerAdapter]Looking for @ControllerAdvice: WebApplicationContext for namespace 'manong-manager-servlet': startup date [Wed Mar 13 10:41:42 CST 2019]; parent: Root WebApplicationContext
[INFO] [2019-03-13 10:41:49][org.springframework.web.servlet.DispatcherServlet]FrameworkServlet 'manong-manager': initialization completed in 6974 ms
[INFO] [2019-03-13 10:42:00][com.manong.controller.ProductCategoryController]list值EasyUITree{id=1, text='书籍', state='closed'}
[INFO] [2019-03-13 10:42:00][com.manong.controller.ProductCategoryController]list值EasyUITree{id=1, text='书籍', state='closed'}
[INFO] [2019-03-13 10:42:02][com.manong.controller.ProductCategoryController]list值EasyUITree{id=2, text='java入门到放弃', state='open'}
[INFO] [2019-03-13 10:45:34][com.manong.controller.ProductCategoryController]list值EasyUITree{id=1, text='书籍', state='closed'}
[INFO] [2019-03-13 10:45:34][com.manong.controller.ProductCategoryController]list值EasyUITree{id=1, text='书籍', state='closed'}
[INFO] [2019-03-13 10:45:35][com.manong.controller.ProductCategoryController]list值EasyUITree{id=2, text='java入门到放弃', state='open'}
[INFO] [2019-03-13 10:50:22][org.springframework.web.servlet.DispatcherServlet]FrameworkServlet 'manong-manager': initialization started
[INFO] [2019-03-13 10:50:22][org.springframework.web.context.support.XmlWebApplicationContext]Refreshing WebApplicationContext for namespace 'manong-manager-servlet': startup date [Wed Mar 13 10:50:22 CST 2019]; parent: Root WebApplicationContext
[INFO] [2019-03-13 10:50:22][org.springframework.beans.factory.xml.XmlBeanDefinitionReader]Loading XML bean definitions from class path resource [spring/springmvc.xml]
[INFO] [2019-03-13 10:50:23][org.springframework.beans.factory.annotation.AutowiredAnnotationBeanPostProcessor]JSR-330 'javax.inject.Inject' annotation found and supported for autowiring
[INFO] [2019-03-13 10:50:25][org.springframework.web.servlet.handler.SimpleUrlHandlerMapping]Mapped URL path [/css/**] onto handler 'org.springframework.web.servlet.resource.ResourceHttpRequestHandler#0'
[INFO] [2019-03-13 10:50:25][org.springframework.web.servlet.handler.SimpleUrlHandlerMapping]Mapped URL path [/js/**] onto handler 'org.springframework.web.servlet.resource.ResourceHttpRequestHandler#1'
[INFO] [2019-03-13 10:50:25][org.springframework.web.servlet.mvc.method.annotation.RequestMappingHandlerMapping]Mapped "{[/{page}]}" onto public java.lang.String com.manong.controller.PageController.showPage(java.lang.String)
[INFO] [2019-03-13 10:50:25][org.springframework.web.servlet.mvc.method.annotation.RequestMappingHandlerMapping]Mapped "{[/]}" onto public java.lang.String com.manong.controller.PageController.requestIndex()
[INFO] [2019-03-13 10:50:25][org.springframework.web.servlet.mvc.method.annotation.RequestMappingHandlerMapping]Mapped "{[/product_category/add]}" onto public pojo.ResponseJsonResult com.manong.controller.ProductCategoryController.addCategory(java.lang.Short,java.lang.String)
[INFO] [2019-03-13 10:50:25][org.springframework.web.servlet.mvc.method.annotation.RequestMappingHandlerMapping]Mapped "{[/product_category/list]}" onto public java.util.List<pojo.EasyUITree> com.manong.controller.ProductCategoryController.getProductCategoryByParentId(java.lang.Short)
[INFO] [2019-03-13 10:50:25][org.springframework.web.servlet.mvc.method.annotation.RequestMappingHandlerMapping]Mapped "{[/product_list]}" onto public java.lang.String com.manong.controller.ProductController.listProduct()
[INFO] [2019-03-13 10:50:25][org.springframework.web.servlet.mvc.method.annotation.RequestMappingHandlerMapping]Mapped "{[/user/{userid}]}" onto public com.manong.pojo.TbUser com.manong.controller.UserController.showUserInfo(java.lang.Integer)
[INFO] [2019-03-13 10:50:29][org.springframework.web.servlet.mvc.method.annotation.RequestMappingHandlerAdapter]Looking for @ControllerAdvice: WebApplicationContext for namespace 'manong-manager-servlet': startup date [Wed Mar 13 10:50:22 CST 2019]; parent: Root WebApplicationContext
[INFO] [2019-03-13 10:50:29][org.springframework.web.servlet.mvc.method.annotation.RequestMappingHandlerAdapter]Looking for @ControllerAdvice: WebApplicationContext for namespace 'manong-manager-servlet': startup date [Wed Mar 13 10:50:22 CST 2019]; parent: Root WebApplicationContext
[INFO] [2019-03-13 10:50:30][org.springframework.web.servlet.DispatcherServlet]FrameworkServlet 'manong-manager': initialization completed in 7842 ms
[INFO] [2019-03-13 11:13:12][org.springframework.web.servlet.DispatcherServlet]FrameworkServlet 'manong-manager': initialization started
[INFO] [2019-03-13 11:13:12][org.springframework.web.context.support.XmlWebApplicationContext]Refreshing WebApplicationContext for namespace 'manong-manager-servlet': startup date [Wed Mar 13 11:13:12 CST 2019]; parent: Root WebApplicationContext
[INFO] [2019-03-13 11:13:12][org.springframework.beans.factory.xml.XmlBeanDefinitionReader]Loading XML bean definitions from class path resource [spring/springmvc.xml]
[INFO] [2019-03-13 11:13:14][org.springframework.beans.factory.annotation.AutowiredAnnotationBeanPostProcessor]JSR-330 'javax.inject.Inject' annotation found and supported for autowiring
[INFO] [2019-03-13 11:13:16][org.springframework.web.servlet.handler.SimpleUrlHandlerMapping]Mapped URL path [/css/**] onto handler 'org.springframework.web.servlet.resource.ResourceHttpRequestHandler#0'
[INFO] [2019-03-13 11:13:16][org.springframework.web.servlet.handler.SimpleUrlHandlerMapping]Mapped URL path [/js/**] onto handler 'org.springframework.web.servlet.resource.ResourceHttpRequestHandler#1'
[INFO] [2019-03-13 11:13:17][org.springframework.web.servlet.mvc.method.annotation.RequestMappingHandlerMapping]Mapped "{[/]}" onto public java.lang.String com.manong.controller.PageController.requestIndex()
[INFO] [2019-03-13 11:13:17][org.springframework.web.servlet.mvc.method.annotation.RequestMappingHandlerMapping]Mapped "{[/{page}]}" onto public java.lang.String com.manong.controller.PageController.showPage(java.lang.String)
[INFO] [2019-03-13 11:13:17][org.springframework.web.servlet.mvc.method.annotation.RequestMappingHandlerMapping]Mapped "{[/product_category/list]}" onto public java.util.List<pojo.EasyUITree> com.manong.controller.ProductCategoryController.getProductCategoryByParentId(java.lang.Short)
[INFO] [2019-03-13 11:13:17][org.springframework.web.servlet.mvc.method.annotation.RequestMappingHandlerMapping]Mapped "{[/product_category/add]}" onto public pojo.ResponseJsonResult com.manong.controller.ProductCategoryController.addCategory(java.lang.Short,java.lang.String)
[INFO] [2019-03-13 11:13:17][org.springframework.web.servlet.mvc.method.annotation.RequestMappingHandlerMapping]Mapped "{[/product_list]}" onto public java.lang.String com.manong.controller.ProductController.listProduct()
[INFO] [2019-03-13 11:13:17][org.springframework.web.servlet.mvc.method.annotation.RequestMappingHandlerMapping]Mapped "{[/user/{userid}]}" onto public com.manong.pojo.TbUser com.manong.controller.UserController.showUserInfo(java.lang.Integer)
[INFO] [2019-03-13 11:13:22][org.springframework.web.servlet.mvc.method.annotation.RequestMappingHandlerAdapter]Looking for @ControllerAdvice: WebApplicationContext for namespace 'manong-manager-servlet': startup date [Wed Mar 13 11:13:12 CST 2019]; parent: Root WebApplicationContext
[INFO] [2019-03-13 11:13:22][org.springframework.web.servlet.mvc.method.annotation.RequestMappingHandlerAdapter]Looking for @ControllerAdvice: WebApplicationContext for namespace 'manong-manager-servlet': startup date [Wed Mar 13 11:13:12 CST 2019]; parent: Root WebApplicationContext
[INFO] [2019-03-13 11:13:24][org.springframework.web.servlet.DispatcherServlet]FrameworkServlet 'manong-manager': initialization completed in 11631 ms
[INFO] [2019-03-13 11:25:35][org.springframework.web.servlet.DispatcherServlet]FrameworkServlet 'manong-manager': initialization started
[INFO] [2019-03-13 11:25:35][org.springframework.web.context.support.XmlWebApplicationContext]Refreshing WebApplicationContext for namespace 'manong-manager-servlet': startup date [Wed Mar 13 11:25:35 CST 2019]; parent: Root WebApplicationContext
[INFO] [2019-03-13 11:25:35][org.springframework.beans.factory.xml.XmlBeanDefinitionReader]Loading XML bean definitions from class path resource [spring/springmvc.xml]
[INFO] [2019-03-13 11:25:36][org.springframework.beans.factory.annotation.AutowiredAnnotationBeanPostProcessor]JSR-330 'javax.inject.Inject' annotation found and supported for autowiring
[INFO] [2019-03-13 11:25:38][org.springframework.web.servlet.handler.SimpleUrlHandlerMapping]Mapped URL path [/css/**] onto handler 'org.springframework.web.servlet.resource.ResourceHttpRequestHandler#0'
[INFO] [2019-03-13 11:25:38][org.springframework.web.servlet.handler.SimpleUrlHandlerMapping]Mapped URL path [/js/**] onto handler 'org.springframework.web.servlet.resource.ResourceHttpRequestHandler#1'
[INFO] [2019-03-13 11:25:39][org.springframework.web.servlet.mvc.method.annotation.RequestMappingHandlerMapping]Mapped "{[/]}" onto public java.lang.String com.manong.controller.PageController.requestIndex()
[INFO] [2019-03-13 11:25:39][org.springframework.web.servlet.mvc.method.annotation.RequestMappingHandlerMapping]Mapped "{[/{page}]}" onto public java.lang.String com.manong.controller.PageController.showPage(java.lang.String)
[INFO] [2019-03-13 11:25:39][org.springframework.web.servlet.mvc.method.annotation.RequestMappingHandlerMapping]Mapped "{[/product_category/add]}" onto public pojo.ResponseJsonResult com.manong.controller.ProductCategoryController.addCategory(java.lang.Short,java.lang.String)
[INFO] [2019-03-13 11:25:39][org.springframework.web.servlet.mvc.method.annotation.RequestMappingHandlerMapping]Mapped "{[/product_category/list]}" onto public java.util.List<pojo.EasyUITree> com.manong.controller.ProductCategoryController.getProductCategoryByParentId(java.lang.Short)
[INFO] [2019-03-13 11:25:39][org.springframework.web.servlet.mvc.method.annotation.RequestMappingHandlerMapping]Mapped "{[/product_list]}" onto public java.lang.String com.manong.controller.ProductController.listProduct()
[INFO] [2019-03-13 11:25:39][org.springframework.web.servlet.mvc.method.annotation.RequestMappingHandlerMapping]Mapped "{[/user/{userid}]}" onto public com.manong.pojo.TbUser com.manong.controller.UserController.showUserInfo(java.lang.Integer)
[INFO] [2019-03-13 11:25:43][org.springframework.web.servlet.mvc.method.annotation.RequestMappingHandlerAdapter]Looking for @ControllerAdvice: WebApplicationContext for namespace 'manong-manager-servlet': startup date [Wed Mar 13 11:25:35 CST 2019]; parent: Root WebApplicationContext
[INFO] [2019-03-13 11:25:44][org.springframework.web.servlet.mvc.method.annotation.RequestMappingHandlerAdapter]Looking for @ControllerAdvice: WebApplicationContext for namespace 'manong-manager-servlet': startup date [Wed Mar 13 11:25:35 CST 2019]; parent: Root WebApplicationContext
[INFO] [2019-03-13 11:25:45][org.springframework.web.servlet.DispatcherServlet]FrameworkServlet 'manong-manager': initialization completed in 10091 ms
[INFO] [2019-03-13 14:03:15][org.springframework.web.servlet.DispatcherServlet]FrameworkServlet 'manong-manager': initialization started
[INFO] [2019-03-13 14:03:15][org.springframework.web.context.support.XmlWebApplicationContext]Refreshing WebApplicationContext for namespace 'manong-manager-servlet': startup date [Wed Mar 13 14:03:15 CST 2019]; parent: Root WebApplicationContext
[INFO] [2019-03-13 14:03:15][org.springframework.beans.factory.xml.XmlBeanDefinitionReader]Loading XML bean definitions from class path resource [spring/springmvc.xml]
[INFO] [2019-03-13 14:03:16][org.springframework.beans.factory.annotation.AutowiredAnnotationBeanPostProcessor]JSR-330 'javax.inject.Inject' annotation found and supported for autowiring
[INFO] [2019-03-13 14:03:17][org.springframework.web.servlet.handler.SimpleUrlHandlerMapping]Mapped URL path [/css/**] onto handler 'org.springframework.web.servlet.resource.ResourceHttpRequestHandler#0'
[INFO] [2019-03-13 14:03:17][org.springframework.web.servlet.handler.SimpleUrlHandlerMapping]Mapped URL path [/js/**] onto handler 'org.springframework.web.servlet.resource.ResourceHttpRequestHandler#1'
[INFO] [2019-03-13 14:03:17][org.springframework.web.servlet.mvc.method.annotation.RequestMappingHandlerMapping]Mapped "{[/{page}]}" onto public java.lang.String com.manong.controller.PageController.showPage(java.lang.String)
[INFO] [2019-03-13 14:03:17][org.springframework.web.servlet.mvc.method.annotation.RequestMappingHandlerMapping]Mapped "{[/]}" onto public java.lang.String com.manong.controller.PageController.requestIndex()
[INFO] [2019-03-13 14:03:18][org.springframework.web.servlet.mvc.method.annotation.RequestMappingHandlerMapping]Mapped "{[/product_category/add]}" onto public pojo.ResponseJsonResult com.manong.controller.ProductCategoryController.addCategory(java.lang.Short,java.lang.String)
[INFO] [2019-03-13 14:03:18][org.springframework.web.servlet.mvc.method.annotation.RequestMappingHandlerMapping]Mapped "{[/product_category/del]}" onto public pojo.ResponseJsonResult com.manong.controller.ProductCategoryController.delCategory(java.lang.Short,java.lang.Short)
[INFO] [2019-03-13 14:03:18][org.springframework.web.servlet.mvc.method.annotation.RequestMappingHandlerMapping]Mapped "{[/product_category/list]}" onto public java.util.List<pojo.EasyUITree> com.manong.controller.ProductCategoryController.getProductCategoryByParentId(java.lang.Short)
[INFO] [2019-03-13 14:03:18][org.springframework.web.servlet.mvc.method.annotation.RequestMappingHandlerMapping]Mapped "{[/product_list]}" onto public java.lang.String com.manong.controller.ProductController.listProduct()
[INFO] [2019-03-13 14:03:18][org.springframework.web.servlet.mvc.method.annotation.RequestMappingHandlerMapping]Mapped "{[/user/{userid}]}" onto public com.manong.pojo.TbUser com.manong.controller.UserController.showUserInfo(java.lang.Integer)
[INFO] [2019-03-13 14:03:21][org.springframework.web.servlet.mvc.method.annotation.RequestMappingHandlerAdapter]Looking for @ControllerAdvice: WebApplicationContext for namespace 'manong-manager-servlet': startup date [Wed Mar 13 14:03:15 CST 2019]; parent: Root WebApplicationContext
[INFO] [2019-03-13 14:03:22][org.springframework.web.servlet.mvc.method.annotation.RequestMappingHandlerAdapter]Looking for @ControllerAdvice: WebApplicationContext for namespace 'manong-manager-servlet': startup date [Wed Mar 13 14:03:15 CST 2019]; parent: Root WebApplicationContext
[INFO] [2019-03-13 14:03:23][org.springframework.web.servlet.DispatcherServlet]FrameworkServlet 'manong-manager': initialization completed in 7809 ms
[INFO] [2019-03-13 16:23:26][org.springframework.web.servlet.DispatcherServlet]FrameworkServlet 'manong-manager': initialization started
[INFO] [2019-03-13 16:23:26][org.springframework.web.context.support.XmlWebApplicationContext]Refreshing WebApplicationContext for namespace 'manong-manager-servlet': startup date [Wed Mar 13 16:23:26 CST 2019]; parent: Root WebApplicationContext
[INFO] [2019-03-13 16:23:26][org.springframework.beans.factory.xml.XmlBeanDefinitionReader]Loading XML bean definitions from class path resource [spring/springmvc.xml]
[INFO] [2019-03-13 16:23:27][org.springframework.beans.factory.annotation.AutowiredAnnotationBeanPostProcessor]JSR-330 'javax.inject.Inject' annotation found and supported for autowiring
[INFO] [2019-03-13 16:23:29][org.springframework.web.servlet.handler.SimpleUrlHandlerMapping]Mapped URL path [/css/**] onto handler 'org.springframework.web.servlet.resource.ResourceHttpRequestHandler#0'
[INFO] [2019-03-13 16:23:29][org.springframework.web.servlet.handler.SimpleUrlHandlerMapping]Mapped URL path [/js/**] onto handler 'org.springframework.web.servlet.resource.ResourceHttpRequestHandler#1'
[INFO] [2019-03-13 16:23:29][org.springframework.web.servlet.mvc.method.annotation.RequestMappingHandlerMapping]Mapped "{[/{page}]}" onto public java.lang.String com.manong.controller.PageController.showPage(java.lang.String)
[INFO] [2019-03-13 16:23:29][org.springframework.web.servlet.mvc.method.annotation.RequestMappingHandlerMapping]Mapped "{[/]}" onto public java.lang.String com.manong.controller.PageController.requestIndex()
[INFO] [2019-03-13 16:23:29][org.springframework.web.servlet.mvc.method.annotation.RequestMappingHandlerMapping]Mapped "{[/product_category/add]}" onto public pojo.ResponseJsonResult com.manong.controller.ProductCategoryController.addCategory(java.lang.Short,java.lang.String)
[INFO] [2019-03-13 16:23:29][org.springframework.web.servlet.mvc.method.annotation.RequestMappingHandlerMapping]Mapped "{[/product_category/del]}" onto public pojo.ResponseJsonResult com.manong.controller.ProductCategoryController.delCategory(java.lang.Short,java.lang.Short)
[INFO] [2019-03-13 16:23:29][org.springframework.web.servlet.mvc.method.annotation.RequestMappingHandlerMapping]Mapped "{[/product_category/list]}" onto public java.util.List<pojo.EasyUITree> com.manong.controller.ProductCategoryController.getProductCategoryByParentId(java.lang.Short)
[INFO] [2019-03-13 16:23:29][org.springframework.web.servlet.mvc.method.annotation.RequestMappingHandlerMapping]Mapped "{[/product_list]}" onto public java.lang.String com.manong.controller.ProductController.listProduct()
[INFO] [2019-03-13 16:23:29][org.springframework.web.servlet.mvc.method.annotation.RequestMappingHandlerMapping]Mapped "{[/user/{userid}]}" onto public com.manong.pojo.TbUser com.manong.controller.UserController.showUserInfo(java.lang.Integer)
[INFO] [2019-03-13 16:23:33][org.springframework.web.servlet.mvc.method.annotation.RequestMappingHandlerAdapter]Looking for @ControllerAdvice: WebApplicationContext for namespace 'manong-manager-servlet': startup date [Wed Mar 13 16:23:26 CST 2019]; parent: Root WebApplicationContext
[INFO] [2019-03-13 16:23:33][org.springframework.web.servlet.mvc.method.annotation.RequestMappingHandlerAdapter]Looking for @ControllerAdvice: WebApplicationContext for namespace 'manong-manager-servlet': startup date [Wed Mar 13 16:23:26 CST 2019]; parent: Root WebApplicationContext
[INFO] [2019-03-13 16:23:34][org.springframework.web.servlet.DispatcherServlet]FrameworkServlet 'manong-manager': initialization completed in 7293 ms
[INFO] [2019-03-13 16:25:39][com.manong.controller.ProductCategoryController]result值200
[INFO] [2019-03-13 16:27:51][com.manong.controller.ProductCategoryController]result值200
[INFO] [2019-03-13 16:34:34][com.manong.controller.ProductCategoryController]result值200
[INFO] [2019-03-13 16:48:00][org.springframework.web.servlet.DispatcherServlet]FrameworkServlet 'manong-manager': initialization started
[INFO] [2019-03-13 16:48:00][org.springframework.web.context.support.XmlWebApplicationContext]Refreshing WebApplicationContext for namespace 'manong-manager-servlet': startup date [Wed Mar 13 16:48:00 CST 2019]; parent: Root WebApplicationContext
[INFO] [2019-03-13 16:48:00][org.springframework.beans.factory.xml.XmlBeanDefinitionReader]Loading XML bean definitions from class path resource [spring/springmvc.xml]
[INFO] [2019-03-13 16:48:01][org.springframework.beans.factory.annotation.AutowiredAnnotationBeanPostProcessor]JSR-330 'javax.inject.Inject' annotation found and supported for autowiring
[INFO] [2019-03-13 16:48:03][org.springframework.web.servlet.handler.SimpleUrlHandlerMapping]Mapped URL path [/css/**] onto handler 'org.springframework.web.servlet.resource.ResourceHttpRequestHandler#0'
[INFO] [2019-03-13 16:48:04][org.springframework.web.servlet.handler.SimpleUrlHandlerMapping]Mapped URL path [/js/**] onto handler 'org.springframework.web.servlet.resource.ResourceHttpRequestHandler#1'
[INFO] [2019-03-13 16:48:04][org.springframework.web.servlet.mvc.method.annotation.RequestMappingHandlerMapping]Mapped "{[/]}" onto public java.lang.String com.manong.controller.PageController.requestIndex()
[INFO] [2019-03-13 16:48:04][org.springframework.web.servlet.mvc.method.annotation.RequestMappingHandlerMapping]Mapped "{[/{page}]}" onto public java.lang.String com.manong.controller.PageController.showPage(java.lang.String)
[INFO] [2019-03-13 16:48:04][org.springframework.web.servlet.mvc.method.annotation.RequestMappingHandlerMapping]Mapped "{[/product_category/list]}" onto public java.util.List<pojo.EasyUITree> com.manong.controller.ProductCategoryController.getProductCategoryByParentId(java.lang.Short)
[INFO] [2019-03-13 16:48:04][org.springframework.web.servlet.mvc.method.annotation.RequestMappingHandlerMapping]Mapped "{[/product_category/add]}" onto public pojo.ResponseJsonResult com.manong.controller.ProductCategoryController.addCategory(java.lang.Short,java.lang.String)
[INFO] [2019-03-13 16:48:04][org.springframework.web.servlet.mvc.method.annotation.RequestMappingHandlerMapping]Mapped "{[/product_category/del]}" onto public pojo.ResponseJsonResult com.manong.controller.ProductCategoryController.delCategory(java.lang.Short,java.lang.Short)
[INFO] [2019-03-13 16:48:04][org.springframework.web.servlet.mvc.method.annotation.RequestMappingHandlerMapping]Mapped "{[/product_list]}" onto public java.lang.String com.manong.controller.ProductController.listProduct()
[INFO] [2019-03-13 16:48:04][org.springframework.web.servlet.mvc.method.annotation.RequestMappingHandlerMapping]Mapped "{[/user/{userid}]}" onto public com.manong.pojo.TbUser com.manong.controller.UserController.showUserInfo(java.lang.Integer)
[INFO] [2019-03-13 16:48:08][org.springframework.web.servlet.mvc.method.annotation.RequestMappingHandlerAdapter]Looking for @ControllerAdvice: WebApplicationContext for namespace 'manong-manager-servlet': startup date [Wed Mar 13 16:48:00 CST 2019]; parent: Root WebApplicationContext
[INFO] [2019-03-13 16:48:09][org.springframework.web.servlet.mvc.method.annotation.RequestMappingHandlerAdapter]Looking for @ControllerAdvice: WebApplicationContext for namespace 'manong-manager-servlet': startup date [Wed Mar 13 16:48:00 CST 2019]; parent: Root WebApplicationContext
[INFO] [2019-03-13 16:48:10][org.springframework.web.servlet.DispatcherServlet]FrameworkServlet 'manong-manager': initialization completed in 9599 ms
[INFO] [2019-03-13 16:55:14][com.manong.controller.ProductCategoryController]result值200
[INFO] [2019-03-14 13:12:40][org.springframework.web.servlet.DispatcherServlet]FrameworkServlet 'manong-manager': initialization started
[INFO] [2019-03-14 13:12:40][org.springframework.web.context.support.XmlWebApplicationContext]Refreshing WebApplicationContext for namespace 'manong-manager-servlet': startup date [Thu Mar 14 13:12:40 CST 2019]; parent: Root WebApplicationContext
[INFO] [2019-03-14 13:12:40][org.springframework.beans.factory.xml.XmlBeanDefinitionReader]Loading XML bean definitions from class path resource [spring/springmvc.xml]
[INFO] [2019-03-14 13:12:40][org.springframework.beans.factory.annotation.AutowiredAnnotationBeanPostProcessor]JSR-330 'javax.inject.Inject' annotation found and supported for autowiring
[INFO] [2019-03-14 13:12:40][org.springframework.web.servlet.handler.SimpleUrlHandlerMapping]Mapped URL path [/css/**] onto handler 'org.springframework.web.servlet.resource.ResourceHttpRequestHandler#0'
[INFO] [2019-03-14 13:12:40][org.springframework.web.servlet.handler.SimpleUrlHandlerMapping]Mapped URL path [/js/**] onto handler 'org.springframework.web.servlet.resource.ResourceHttpRequestHandler#1'
[WARN] [2019-03-14 13:12:41][org.springframework.web.context.support.XmlWebApplicationContext]Exception encountered during context initialization - cancelling refresh attempt: org.springframework.beans.factory.BeanCreationException: Error creating bean with name 'freemarkerConfig' defined in class path resource [spring/springmvc.xml]: Invocation of init method failed; nested exception is java.lang.NoSuchMethodError: freemarker.template.Configuration.<init>(Lfreemarker/template/Version;)V
[ERROR] [2019-03-14 13:12:41][org.springframework.web.servlet.DispatcherServlet]Context initialization failed
org.springframework.beans.factory.BeanCreationException: Error creating bean with name 'freemarkerConfig' defined in class path resource [spring/springmvc.xml]: Invocation of init method failed; nested exception is java.lang.NoSuchMethodError: freemarker.template.Configuration.<init>(Lfreemarker/template/Version;)V
	at org.springframework.beans.factory.support.AbstractAutowireCapableBeanFactory.initializeBean(AbstractAutowireCapableBeanFactory.java:1628)
	at org.springframework.beans.factory.support.AbstractAutowireCapableBeanFactory.doCreateBean(AbstractAutowireCapableBeanFactory.java:555)
	at org.springframework.beans.factory.support.AbstractAutowireCapableBeanFactory.createBean(AbstractAutowireCapableBeanFactory.java:483)
	at org.springframework.beans.factory.support.AbstractBeanFactory$1.getObject(AbstractBeanFactory.java:306)
	at org.springframework.beans.factory.support.DefaultSingletonBeanRegistry.getSingleton(DefaultSingletonBeanRegistry.java:230)
	at org.springframework.beans.factory.support.AbstractBeanFactory.doGetBean(AbstractBeanFactory.java:302)
	at org.springframework.beans.factory.support.AbstractBeanFactory.getBean(AbstractBeanFactory.java:197)
	at org.springframework.beans.factory.support.DefaultListableBeanFactory.preInstantiateSingletons(DefaultListableBeanFactory.java:761)
	at org.springframework.context.support.AbstractApplicationContext.finishBeanFactoryInitialization(AbstractApplicationContext.java:867)
	at org.springframework.context.support.AbstractApplicationContext.refresh(AbstractApplicationContext.java:543)
	at org.springframework.web.servlet.FrameworkServlet.configureAndRefreshWebApplicationContext(FrameworkServlet.java:668)
	at org.springframework.web.servlet.FrameworkServlet.createWebApplicationContext(FrameworkServlet.java:634)
	at org.springframework.web.servlet.FrameworkServlet.createWebApplicationContext(FrameworkServlet.java:682)
	at org.springframework.web.servlet.FrameworkServlet.initWebApplicationContext(FrameworkServlet.java:553)
	at org.springframework.web.servlet.FrameworkServlet.initServletBean(FrameworkServlet.java:494)
	at org.springframework.web.servlet.HttpServletBean.init(HttpServletBean.java:171)
	at javax.servlet.GenericServlet.init(GenericServlet.java:160)
	at org.apache.catalina.core.StandardWrapper.initServlet(StandardWrapper.java:1280)
	at org.apache.catalina.core.StandardWrapper.loadServlet(StandardWrapper.java:1193)
	at org.apache.catalina.core.StandardWrapper.load(StandardWrapper.java:1088)
	at org.apache.catalina.core.StandardContext.loadOnStartup(StandardContext.java:5176)
	at org.apache.catalina.core.StandardContext.startInternal(StandardContext.java:5460)
	at org.apache.catalina.util.LifecycleBase.start(LifecycleBase.java:150)
	at org.apache.catalina.core.ContainerBase$StartChild.call(ContainerBase.java:1559)
	at org.apache.catalina.core.ContainerBase$StartChild.call(ContainerBase.java:1549)
	at java.util.concurrent.FutureTask.run(FutureTask.java:266)
	at java.util.concurrent.ThreadPoolExecutor.runWorker(ThreadPoolExecutor.java:1149)
	at java.util.concurrent.ThreadPoolExecutor$Worker.run(ThreadPoolExecutor.java:624)
	at java.lang.Thread.run(Thread.java:748)
Caused by: java.lang.NoSuchMethodError: freemarker.template.Configuration.<init>(Lfreemarker/template/Version;)V
	at org.springframework.ui.freemarker.FreeMarkerConfigurationFactory.newConfiguration(FreeMarkerConfigurationFactory.java:320)
	at org.springframework.ui.freemarker.FreeMarkerConfigurationFactory.createConfiguration(FreeMarkerConfigurationFactory.java:250)
	at org.springframework.web.servlet.view.freemarker.FreeMarkerConfigurer.afterPropertiesSet(FreeMarkerConfigurer.java:116)
	at org.springframework.beans.factory.support.AbstractAutowireCapableBeanFactory.invokeInitMethods(AbstractAutowireCapableBeanFactory.java:1687)
	at org.springframework.beans.factory.support.AbstractAutowireCapableBeanFactory.initializeBean(AbstractAutowireCapableBeanFactory.java:1624)
	... 28 more
[INFO] [2019-03-14 13:14:24][org.springframework.web.servlet.DispatcherServlet]FrameworkServlet 'manong-manager': initialization started
[INFO] [2019-03-14 13:14:24][org.springframework.web.context.support.XmlWebApplicationContext]Refreshing WebApplicationContext for namespace 'manong-manager-servlet': startup date [Thu Mar 14 13:14:24 CST 2019]; parent: Root WebApplicationContext
[INFO] [2019-03-14 13:14:24][org.springframework.beans.factory.xml.XmlBeanDefinitionReader]Loading XML bean definitions from class path resource [spring/springmvc.xml]
[INFO] [2019-03-14 13:14:24][org.springframework.beans.factory.annotation.AutowiredAnnotationBeanPostProcessor]JSR-330 'javax.inject.Inject' annotation found and supported for autowiring
[INFO] [2019-03-14 13:14:24][org.springframework.web.servlet.handler.SimpleUrlHandlerMapping]Mapped URL path [/css/**] onto handler 'org.springframework.web.servlet.resource.ResourceHttpRequestHandler#0'
[INFO] [2019-03-14 13:14:24][org.springframework.web.servlet.handler.SimpleUrlHandlerMapping]Mapped URL path [/js/**] onto handler 'org.springframework.web.servlet.resource.ResourceHttpRequestHandler#1'
[WARN] [2019-03-14 13:14:24][org.springframework.web.context.support.XmlWebApplicationContext]Exception encountered during context initialization - cancelling refresh attempt: org.springframework.beans.factory.BeanCreationException: Error creating bean with name 'freeMarkerConfigurer' defined in class path resource [spring/springmvc.xml]: Invocation of init method failed; nested exception is java.lang.NoSuchMethodError: freemarker.template.Configuration.<init>(Lfreemarker/template/Version;)V
[ERROR] [2019-03-14 13:14:24][org.springframework.web.servlet.DispatcherServlet]Context initialization failed
org.springframework.beans.factory.BeanCreationException: Error creating bean with name 'freeMarkerConfigurer' defined in class path resource [spring/springmvc.xml]: Invocation of init method failed; nested exception is java.lang.NoSuchMethodError: freemarker.template.Configuration.<init>(Lfreemarker/template/Version;)V
	at org.springframework.beans.factory.support.AbstractAutowireCapableBeanFactory.initializeBean(AbstractAutowireCapableBeanFactory.java:1628)
	at org.springframework.beans.factory.support.AbstractAutowireCapableBeanFactory.doCreateBean(AbstractAutowireCapableBeanFactory.java:555)
	at org.springframework.beans.factory.support.AbstractAutowireCapableBeanFactory.createBean(AbstractAutowireCapableBeanFactory.java:483)
	at org.springframework.beans.factory.support.AbstractBeanFactory$1.getObject(AbstractBeanFactory.java:306)
	at org.springframework.beans.factory.support.DefaultSingletonBeanRegistry.getSingleton(DefaultSingletonBeanRegistry.java:230)
	at org.springframework.beans.factory.support.AbstractBeanFactory.doGetBean(AbstractBeanFactory.java:302)
	at org.springframework.beans.factory.support.AbstractBeanFactory.getBean(AbstractBeanFactory.java:197)
	at org.springframework.beans.factory.support.DefaultListableBeanFactory.preInstantiateSingletons(DefaultListableBeanFactory.java:761)
	at org.springframework.context.support.AbstractApplicationContext.finishBeanFactoryInitialization(AbstractApplicationContext.java:867)
	at org.springframework.context.support.AbstractApplicationContext.refresh(AbstractApplicationContext.java:543)
	at org.springframework.web.servlet.FrameworkServlet.configureAndRefreshWebApplicationContext(FrameworkServlet.java:668)
	at org.springframework.web.servlet.FrameworkServlet.createWebApplicationContext(FrameworkServlet.java:634)
	at org.springframework.web.servlet.FrameworkServlet.createWebApplicationContext(FrameworkServlet.java:682)
	at org.springframework.web.servlet.FrameworkServlet.initWebApplicationContext(FrameworkServlet.java:553)
	at org.springframework.web.servlet.FrameworkServlet.initServletBean(FrameworkServlet.java:494)
	at org.springframework.web.servlet.HttpServletBean.init(HttpServletBean.java:171)
	at javax.servlet.GenericServlet.init(GenericServlet.java:160)
	at org.apache.catalina.core.StandardWrapper.initServlet(StandardWrapper.java:1280)
	at org.apache.catalina.core.StandardWrapper.loadServlet(StandardWrapper.java:1193)
	at org.apache.catalina.core.StandardWrapper.load(StandardWrapper.java:1088)
	at org.apache.catalina.core.StandardContext.loadOnStartup(StandardContext.java:5176)
	at org.apache.catalina.core.StandardContext.startInternal(StandardContext.java:5460)
	at org.apache.catalina.util.LifecycleBase.start(LifecycleBase.java:150)
	at org.apache.catalina.core.ContainerBase$StartChild.call(ContainerBase.java:1559)
	at org.apache.catalina.core.ContainerBase$StartChild.call(ContainerBase.java:1549)
	at java.util.concurrent.FutureTask.run(FutureTask.java:266)
	at java.util.concurrent.ThreadPoolExecutor.runWorker(ThreadPoolExecutor.java:1149)
	at java.util.concurrent.ThreadPoolExecutor$Worker.run(ThreadPoolExecutor.java:624)
	at java.lang.Thread.run(Thread.java:748)
Caused by: java.lang.NoSuchMethodError: freemarker.template.Configuration.<init>(Lfreemarker/template/Version;)V
	at org.springframework.ui.freemarker.FreeMarkerConfigurationFactory.newConfiguration(FreeMarkerConfigurationFactory.java:320)
	at org.springframework.ui.freemarker.FreeMarkerConfigurationFactory.createConfiguration(FreeMarkerConfigurationFactory.java:250)
	at org.springframework.web.servlet.view.freemarker.FreeMarkerConfigurer.afterPropertiesSet(FreeMarkerConfigurer.java:116)
	at org.springframework.beans.factory.support.AbstractAutowireCapableBeanFactory.invokeInitMethods(AbstractAutowireCapableBeanFactory.java:1687)
	at org.springframework.beans.factory.support.AbstractAutowireCapableBeanFactory.initializeBean(AbstractAutowireCapableBeanFactory.java:1624)
	... 28 more
[INFO] [2019-03-14 13:19:21][org.springframework.web.servlet.DispatcherServlet]FrameworkServlet 'manong-manager': initialization started
[INFO] [2019-03-14 13:19:21][org.springframework.web.context.support.XmlWebApplicationContext]Refreshing WebApplicationContext for namespace 'manong-manager-servlet': startup date [Thu Mar 14 13:19:21 CST 2019]; parent: Root WebApplicationContext
[INFO] [2019-03-14 13:19:21][org.springframework.beans.factory.xml.XmlBeanDefinitionReader]Loading XML bean definitions from class path resource [spring/springmvc.xml]
[INFO] [2019-03-14 13:19:22][org.springframework.beans.factory.annotation.AutowiredAnnotationBeanPostProcessor]JSR-330 'javax.inject.Inject' annotation found and supported for autowiring
[INFO] [2019-03-14 13:19:22][org.springframework.web.servlet.handler.SimpleUrlHandlerMapping]Mapped URL path [/css/**] onto handler 'org.springframework.web.servlet.resource.ResourceHttpRequestHandler#0'
[INFO] [2019-03-14 13:19:22][org.springframework.web.servlet.handler.SimpleUrlHandlerMapping]Mapped URL path [/js/**] onto handler 'org.springframework.web.servlet.resource.ResourceHttpRequestHandler#1'
[WARN] [2019-03-14 13:19:22][org.springframework.web.context.support.XmlWebApplicationContext]Exception encountered during context initialization - cancelling refresh attempt: org.springframework.beans.factory.BeanCreationException: Error creating bean with name 'freeMarkerConfigurer' defined in class path resource [spring/springmvc.xml]: Invocation of init method failed; nested exception is java.lang.NoSuchMethodError: freemarker.template.Configuration.<init>(Lfreemarker/template/Version;)V
[ERROR] [2019-03-14 13:19:22][org.springframework.web.servlet.DispatcherServlet]Context initialization failed
org.springframework.beans.factory.BeanCreationException: Error creating bean with name 'freeMarkerConfigurer' defined in class path resource [spring/springmvc.xml]: Invocation of init method failed; nested exception is java.lang.NoSuchMethodError: freemarker.template.Configuration.<init>(Lfreemarker/template/Version;)V
	at org.springframework.beans.factory.support.AbstractAutowireCapableBeanFactory.initializeBean(AbstractAutowireCapableBeanFactory.java:1628)
	at org.springframework.beans.factory.support.AbstractAutowireCapableBeanFactory.doCreateBean(AbstractAutowireCapableBeanFactory.java:555)
	at org.springframework.beans.factory.support.AbstractAutowireCapableBeanFactory.createBean(AbstractAutowireCapableBeanFactory.java:483)
	at org.springframework.beans.factory.support.AbstractBeanFactory$1.getObject(AbstractBeanFactory.java:306)
	at org.springframework.beans.factory.support.DefaultSingletonBeanRegistry.getSingleton(DefaultSingletonBeanRegistry.java:230)
	at org.springframework.beans.factory.support.AbstractBeanFactory.doGetBean(AbstractBeanFactory.java:302)
	at org.springframework.beans.factory.support.AbstractBeanFactory.getBean(AbstractBeanFactory.java:197)
	at org.springframework.beans.factory.support.DefaultListableBeanFactory.preInstantiateSingletons(DefaultListableBeanFactory.java:761)
	at org.springframework.context.support.AbstractApplicationContext.finishBeanFactoryInitialization(AbstractApplicationContext.java:867)
	at org.springframework.context.support.AbstractApplicationContext.refresh(AbstractApplicationContext.java:543)
	at org.springframework.web.servlet.FrameworkServlet.configureAndRefreshWebApplicationContext(FrameworkServlet.java:668)
	at org.springframework.web.servlet.FrameworkServlet.createWebApplicationContext(FrameworkServlet.java:634)
	at org.springframework.web.servlet.FrameworkServlet.createWebApplicationContext(FrameworkServlet.java:682)
	at org.springframework.web.servlet.FrameworkServlet.initWebApplicationContext(FrameworkServlet.java:553)
	at org.springframework.web.servlet.FrameworkServlet.initServletBean(FrameworkServlet.java:494)
	at org.springframework.web.servlet.HttpServletBean.init(HttpServletBean.java:171)
	at javax.servlet.GenericServlet.init(GenericServlet.java:160)
	at org.apache.catalina.core.StandardWrapper.initServlet(StandardWrapper.java:1280)
	at org.apache.catalina.core.StandardWrapper.loadServlet(StandardWrapper.java:1193)
	at org.apache.catalina.core.StandardWrapper.load(StandardWrapper.java:1088)
	at org.apache.catalina.core.StandardContext.loadOnStartup(StandardContext.java:5176)
	at org.apache.catalina.core.StandardContext.startInternal(StandardContext.java:5460)
	at org.apache.catalina.util.LifecycleBase.start(LifecycleBase.java:150)
	at org.apache.catalina.core.ContainerBase$StartChild.call(ContainerBase.java:1559)
	at org.apache.catalina.core.ContainerBase$StartChild.call(ContainerBase.java:1549)
	at java.util.concurrent.FutureTask.run(FutureTask.java:266)
	at java.util.concurrent.ThreadPoolExecutor.runWorker(ThreadPoolExecutor.java:1149)
	at java.util.concurrent.ThreadPoolExecutor$Worker.run(ThreadPoolExecutor.java:624)
	at java.lang.Thread.run(Thread.java:748)
Caused by: java.lang.NoSuchMethodError: freemarker.template.Configuration.<init>(Lfreemarker/template/Version;)V
	at org.springframework.ui.freemarker.FreeMarkerConfigurationFactory.newConfiguration(FreeMarkerConfigurationFactory.java:320)
	at org.springframework.ui.freemarker.FreeMarkerConfigurationFactory.createConfiguration(FreeMarkerConfigurationFactory.java:250)
	at org.springframework.web.servlet.view.freemarker.FreeMarkerConfigurer.afterPropertiesSet(FreeMarkerConfigurer.java:116)
	at org.springframework.beans.factory.support.AbstractAutowireCapableBeanFactory.invokeInitMethods(AbstractAutowireCapableBeanFactory.java:1687)
	at org.springframework.beans.factory.support.AbstractAutowireCapableBeanFactory.initializeBean(AbstractAutowireCapableBeanFactory.java:1624)
	... 28 more
[INFO] [2019-03-14 13:23:15][org.springframework.web.servlet.DispatcherServlet]FrameworkServlet 'manong-manager': initialization started
[INFO] [2019-03-14 13:23:15][org.springframework.web.context.support.XmlWebApplicationContext]Refreshing WebApplicationContext for namespace 'manong-manager-servlet': startup date [Thu Mar 14 13:23:15 CST 2019]; parent: Root WebApplicationContext
[INFO] [2019-03-14 13:23:15][org.springframework.beans.factory.xml.XmlBeanDefinitionReader]Loading XML bean definitions from class path resource [spring/springmvc.xml]
[INFO] [2019-03-14 13:23:15][org.springframework.beans.factory.annotation.AutowiredAnnotationBeanPostProcessor]JSR-330 'javax.inject.Inject' annotation found and supported for autowiring
[INFO] [2019-03-14 13:23:16][org.springframework.web.servlet.handler.SimpleUrlHandlerMapping]Mapped URL path [/css/**] onto handler 'org.springframework.web.servlet.resource.ResourceHttpRequestHandler#0'
[INFO] [2019-03-14 13:23:16][org.springframework.web.servlet.handler.SimpleUrlHandlerMapping]Mapped URL path [/js/**] onto handler 'org.springframework.web.servlet.resource.ResourceHttpRequestHandler#1'
[INFO] [2019-03-14 13:23:16][org.springframework.web.servlet.view.freemarker.FreeMarkerConfigurer]ClassTemplateLoader for Spring macros added to FreeMarker configuration
[INFO] [2019-03-14 13:23:16][org.springframework.web.servlet.mvc.method.annotation.RequestMappingHandlerMapping]Mapped "{[/uploadfile],methods=[POST]}" onto public java.lang.String com.manong.controller.FileController.uploadFile(org.springframework.web.multipart.MultipartFile) throws java.io.IOException
[INFO] [2019-03-14 13:23:16][org.springframework.web.servlet.mvc.method.annotation.RequestMappingHandlerMapping]Mapped "{[/hello]}" onto public java.lang.String com.manong.controller.FreemarkerTest.sayHello(org.springframework.ui.Model)
[INFO] [2019-03-14 13:23:16][org.springframework.web.servlet.mvc.method.annotation.RequestMappingHandlerMapping]Mapped "{[/{page}]}" onto public java.lang.String com.manong.controller.PageController.showPage(java.lang.String)
[INFO] [2019-03-14 13:23:16][org.springframework.web.servlet.mvc.method.annotation.RequestMappingHandlerMapping]Mapped "{[/]}" onto public java.lang.String com.manong.controller.PageController.requestIndex()
[INFO] [2019-03-14 13:23:16][org.springframework.web.servlet.mvc.method.annotation.RequestMappingHandlerMapping]Mapped "{[/product_category/add]}" onto public pojo.ResponseJsonResult com.manong.controller.ProductCategoryController.addCategory(java.lang.Short,java.lang.String)
[INFO] [2019-03-14 13:23:16][org.springframework.web.servlet.mvc.method.annotation.RequestMappingHandlerMapping]Mapped "{[/product_category/del]}" onto public pojo.ResponseJsonResult com.manong.controller.ProductCategoryController.delCategory(java.lang.Short,java.lang.Short)
[INFO] [2019-03-14 13:23:16][org.springframework.web.servlet.mvc.method.annotation.RequestMappingHandlerMapping]Mapped "{[/product_category/list]}" onto public java.util.List<pojo.EasyUITree> com.manong.controller.ProductCategoryController.getProductCategoryByParentId(java.lang.Short)
[INFO] [2019-03-14 13:23:16][org.springframework.web.servlet.mvc.method.annotation.RequestMappingHandlerMapping]Mapped "{[/product_list]}" onto public java.lang.String com.manong.controller.ProductController.listProduct()
[INFO] [2019-03-14 13:23:16][org.springframework.web.servlet.mvc.method.annotation.RequestMappingHandlerMapping]Mapped "{[/user/{userid}]}" onto public com.manong.pojo.TbUser com.manong.controller.UserController.showUserInfo(java.lang.Integer)
[INFO] [2019-03-14 13:23:17][org.springframework.web.servlet.mvc.method.annotation.RequestMappingHandlerAdapter]Looking for @ControllerAdvice: WebApplicationContext for namespace 'manong-manager-servlet': startup date [Thu Mar 14 13:23:15 CST 2019]; parent: Root WebApplicationContext
[INFO] [2019-03-14 13:23:17][org.springframework.web.servlet.mvc.method.annotation.RequestMappingHandlerAdapter]Looking for @ControllerAdvice: WebApplicationContext for namespace 'manong-manager-servlet': startup date [Thu Mar 14 13:23:15 CST 2019]; parent: Root WebApplicationContext
[INFO] [2019-03-14 13:23:18][org.springframework.web.servlet.DispatcherServlet]FrameworkServlet 'manong-manager': initialization completed in 2938 ms
